2015-12-12 16:55:37,913 INFO Main [main] main XML 
2015-12-12 16:58:44,868 INFO Main [main] main XML 
2015-12-12 16:58:44,882 DEBUG Main [main] main Sun Jan 01 00:00:00 MSK 1984 
2015-12-12 16:59:28,487 INFO Main [main] main XML 
2015-12-12 16:59:28,511 DEBUG Main [main] main Sun Jan 01 00:00:00 MSK 1984 
2015-12-12 16:59:55,815 INFO Main [main] main XML 
2015-12-12 16:59:55,826 DEBUG Main [main] main Sun Jan 01 00:06:00 MSK 1984 
2015-12-12 17:01:16,831 INFO Main [main] main XML 
2015-12-12 17:01:16,841 DEBUG Main [main] main Sat Jun 02 00:00:00 MSD 1984 
2015-12-12 17:02:33,955 INFO Main [main] main XML 
2015-12-12 17:02:33,963 ERROR Main [main] main Unparseable date: "2.Jul.1984" 
2015-12-12 17:02:46,313 INFO Main [main] main XML 
2015-12-12 17:02:46,321 ERROR Main [main] main Unparseable date: "2.July.1984" 
2015-12-12 17:08:23,470 INFO Main [main] main XML 
2015-12-12 17:08:23,483 DEBUG Main [main] main Fri Jul 20 00:00:00 MSD 1984 
2015-12-13 00:07:10,414 INFO Main [main] main XML 
2015-12-13 00:07:10,431 DEBUG Main [main] main Fri Jul 20 00:00:00 MSD 1984 
2015-12-13 01:12:23,875 INFO Main [main] main XML 
2015-12-13 01:12:23,888 DEBUG Main [main] main Fri Jul 20 00:00:00 MSD 1984 
2015-12-13 01:25:31,690 INFO Main [main] main XML 
2015-12-13 01:25:31,702 DEBUG Main [main] main Fri Jul 20 00:00:00 MSD 1984 
2015-12-13 01:25:54,632 INFO Main [main] main XML 
2015-12-13 01:25:54,646 DEBUG Main [main] main Fri Jul 20 00:00:00 MSD 1984 
2015-12-13 01:28:08,522 INFO Main [main] main XML 
2015-12-13 01:28:08,541 DEBUG Main [main] main Fri Jul 20 00:00:00 MSD 1984 
2015-12-13 01:31:14,784 INFO Main [main] main XML 
2015-12-13 01:32:13,606 INFO Main [main] main XML 
2015-12-13 01:41:48,097 INFO Main [main] main XML 
2015-12-13 01:47:53,967 INFO Main [main] main XML 
2015-12-13 01:56:06,798 INFO Main [main] main XML 
2015-12-13 02:18:02,777 INFO XMLGen.XMLGen [main] generateXMl XML
2015-12-13 02:20:30,805 INFO XMLGen.XMLGen [main] generateXMl XML
2015-12-13 02:20:59,534 INFO XMLGen.XMLGen [main] generateXMl XML
2015-12-13 02:22:48,741 INFO XMLGen.XMLGen [main] generateXMl XML
2015-12-13 02:23:53,998 INFO XMLGen.XMLGen [main] generateXMl Generating XML
2015-12-13 02:29:44,327 INFO XMLGen.XMLGen [main] generateXMl Generating XML
2015-12-13 02:32:48,604 INFO XMLGen.XMLGen [main] generateXMl Generating XML
2015-12-13 02:33:17,070 INFO XMLGen.XMLGen [main] generateXMl Generating XML
2015-12-13 02:37:59,086 DEBUG XMLGen.XMLGen [main] generateXML Fri Jul 20 00:00:00 MSD 1984
2015-12-13 02:39:25,173 DEBUG XMLGen.XMLGen [main] generateXML Fri Jul 20 00:00:00 MSD 1984
2015-12-13 02:40:44,890 DEBUG XMLGen.XMLGen [main] generateXML Fri Jul 20 00:00:00 MSD 1984
2015-12-13 02:59:46,081 DEBUG XMLGen.XMLGen [main] generateXML Fri Jul 20 00:00:00 MSD 1984
2015-12-13 03:06:16,120 DEBUG XMLGen.XMLGen [main] generateXML Fri Jul 20 00:00:00 MSD 1984
2015-12-13 03:06:23,750 DEBUG XMLGen.XMLGen [main] generateXML Fri Jul 20 00:00:00 MSD 1984
2015-12-13 03:21:32,468 DEBUG XMLGen.XMLGen [main] generateXML Fri Jul 20 00:00:00 MSD 1984
2015-12-13 03:25:02,208 DEBUG XMLGen.XMLGen [main] generateXML Fri Jul 20 00:00:00 MSD 1984
2015-12-13 03:26:50,417 DEBUG XMLGen.XMLGen [main] generateXML Fri Jul 20 00:00:00 MSD 1984
2015-12-13 03:27:07,665 DEBUG XMLGen.XMLGen [main] generateXML Fri Jul 20 00:00:00 MSD 1984
2015-12-13 03:28:17,801 DEBUG XMLGen.XMLGen [main] generateXML Fri Jul 20 00:00:00 MSD 1984
2015-12-13 03:28:40,433 DEBUG XMLGen.XMLGen [main] generateXML Fri Jul 20 00:00:00 MSD 1984
2015-12-13 03:29:16,267 DEBUG XMLGen.XMLGen [main] generateXML Fri Jul 20 00:00:00 MSD 1984
2015-12-13 03:29:38,359 DEBUG XMLGen.XMLGen [main] generateXML Fri Jul 20 00:00:00 MSD 1984
2015-12-13 03:35:11,288 DEBUG XMLGen.XMLGen [main] generateXML Fri Jul 20 00:00:00 MSD 1984
2015-12-13 03:36:30,294 DEBUG XMLGen.XMLGen [main] generateXML Fri Jul 20 00:00:00 MSD 1984
2015-12-13 03:37:07,845 DEBUG XMLGen.XMLGen [main] generateXML Fri Jul 20 00:00:00 MSD 1984
2015-12-13 03:48:06,544 DEBUG XMLGen.XMLGen [main] generateXML Fri Jul 20 00:00:00 MSD 1984
2015-12-13 03:48:39,177 DEBUG XMLGen.XMLGen [main] generateXML Fri Jul 20 00:00:00 MSD 1984
2015-12-13 03:50:17,506 DEBUG XMLGen.XMLGen [main] generateXML Fri Jul 20 00:00:00 MSD 1984
2015-12-13 03:51:30,651 DEBUG XMLGen.XMLGen [main] generateXML Fri Jul 20 00:00:00 MSD 1984
2015-12-13 03:52:39,924 DEBUG XMLGen.XMLGen [main] generateXML Fri Jul 20 00:00:00 MSD 1984
2015-12-13 03:53:00,890 DEBUG XMLGen.XMLGen [main] generateXML Fri Jul 20 00:00:00 MSD 1984
2015-12-13 03:53:18,214 DEBUG XMLGen.XMLGen [main] generateXML Fri Jul 20 00:00:00 MSD 1984
2015-12-13 03:55:30,493 DEBUG XMLGen.XMLGen [main] generateXML Fri Jul 20 00:00:00 MSD 1984
2015-12-13 03:56:30,411 DEBUG XMLGen.XMLGen [main] generateXML Fri Jul 20 00:00:00 MSD 1984
2015-12-13 04:10:43,714 DEBUG XMLGen.XMLGen [main] generateXML Fri Jul 20 00:00:00 MSD 1984
2015-12-13 04:11:13,130 DEBUG XMLGen.XMLGen [main] generateXML Fri Jul 20 00:00:00 MSD 1984
2015-12-13 04:13:16,003 DEBUG XMLGen.XMLGen [main] generateXML Fri Jul 20 00:00:00 MSD 1984
2015-12-13 04:14:06,516 DEBUG XMLGen.XMLGen [main] generateXML Fri Jul 20 00:00:00 MSD 1984
2015-12-13 04:14:31,073 DEBUG XMLGen.XMLGen [main] generateXML Fri Jul 20 00:00:00 MSD 1984
2015-12-13 04:14:54,366 DEBUG XMLGen.XMLGen [main] generateXML Fri Jul 20 00:00:00 MSD 1984
2015-12-13 04:15:24,309 DEBUG XMLGen.XMLGen [main] generateXML Fri Jul 20 00:00:00 MSD 1984
2015-12-13 04:26:23,170 DEBUG XMLGen.XMLGen [main] generateXML Fri Jul 20 00:00:00 MSD 1984
2015-12-13 04:26:23,722 ERROR XMLGen.XMLGen [main] generateXML null
2015-12-13 04:27:22,650 DEBUG XMLGen.XMLGen [main] generateXML Fri Jul 20 00:00:00 MSD 1984
2015-12-13 04:27:23,074 ERROR XMLGen.XMLGen [main] generateXML null
2015-12-13 04:29:05,929 DEBUG XMLGen.XMLGen [main] generateXML Fri Jul 20 00:00:00 MSD 1984
2015-12-13 04:29:06,464 ERROR XMLGen.XMLGen [main] generateXML 1 counts of IllegalAnnotationExceptions
2015-12-13 04:29:13,327 DEBUG XMLGen.XMLGen [main] generateXML Fri Jul 20 00:00:00 MSD 1984
2015-12-13 04:29:13,624 ERROR XMLGen.XMLGen [main] generateXML 1 counts of IllegalAnnotationExceptions
2015-12-13 04:29:42,055 DEBUG XMLGen.XMLGen [main] generateXML Fri Jul 20 00:00:00 MSD 1984
2015-12-13 04:30:44,246 DEBUG XMLGen.XMLGen [main] generateXML Fri Jul 20 00:00:00 MSD 1984
2015-12-13 04:30:44,707 ERROR XMLGen.XMLGen [main] generateXML null
2015-12-13 04:30:58,453 DEBUG XMLGen.XMLGen [main] generateXML Fri Jul 20 00:00:00 MSD 1984
2015-12-13 04:31:17,444 DEBUG XMLGen.XMLGen [main] generateXML Fri Jul 20 00:00:00 MSD 1984
2015-12-13 04:31:34,910 DEBUG XMLGen.XMLGen [main] generateXML Fri Jul 20 00:00:00 MSD 1984
2015-12-13 04:31:35,180 ERROR XMLGen.XMLGen [main] generateXML 2 counts of IllegalAnnotationExceptions
2015-12-13 04:31:47,969 DEBUG XMLGen.XMLGen [main] generateXML Fri Jul 20 00:00:00 MSD 1984
